[2024-03-24 02:35:37Z INFO HostContext] No proxy settings were found based on environmental variables (http_proxy/https_proxy/HTTP_PROXY/HTTPS_PROXY)
[2024-03-24 02:35:37Z INFO HostContext] Well known directory 'Bin': '/Users/tjohnson/projects/pipelines/actions-runner2/bin'
[2024-03-24 02:35:37Z INFO HostContext] Well known directory 'Root': '/Users/tjohnson/projects/pipelines/actions-runner2'
[2024-03-24 02:35:37Z INFO HostContext] Well known config file 'Credentials': '/Users/tjohnson/projects/pipelines/actions-runner2/.credentials'
[2024-03-24 02:35:37Z INFO HostContext] Well known directory 'Bin': '/Users/tjohnson/projects/pipelines/actions-runner2/bin'
[2024-03-24 02:35:37Z INFO HostContext] Well known directory 'Root': '/Users/tjohnson/projects/pipelines/actions-runner2'
[2024-03-24 02:35:37Z INFO HostContext] Well known config file 'Runner': '/Users/tjohnson/projects/pipelines/actions-runner2/.runner'
[2024-03-24 02:35:37Z INFO Listener] Runner is built for OSX (Arm64) - osx-arm64.
[2024-03-24 02:35:37Z INFO Listener] RuntimeInformation: Darwin 23.4.0 Darwin Kernel Version 23.4.0: Wed Feb 21 21:45:49 PST 2024; root:xnu-10063.101.15~2/RELEASE_ARM64_T6020.
[2024-03-24 02:35:37Z INFO Listener] Version: 2.314.1
[2024-03-24 02:35:37Z INFO Listener] Commit: 976290d966e6cc3e748a49bf8fdbe139ff764201
[2024-03-24 02:35:37Z INFO Listener] Culture: en-US
[2024-03-24 02:35:37Z INFO Listener] UI Culture: en-US
[2024-03-24 02:35:37Z INFO HostContext] Well known directory 'Bin': '/Users/tjohnson/projects/pipelines/actions-runner2/bin'
[2024-03-24 02:35:37Z INFO HostContext] Well known directory 'Root': '/Users/tjohnson/projects/pipelines/actions-runner2'
[2024-03-24 02:35:37Z INFO Listener] Validating directory permissions for: '/Users/tjohnson/projects/pipelines/actions-runner2'
[2024-03-24 02:35:37Z INFO CommandLineParser] Parse
[2024-03-24 02:35:37Z INFO CommandLineParser] Parsing 1 args
[2024-03-24 02:35:37Z INFO CommandLineParser] parsing argument
[2024-03-24 02:35:37Z INFO CommandLineParser] HasArgs: False
[2024-03-24 02:35:37Z INFO CommandLineParser] Adding Command: run
[2024-03-24 02:35:37Z INFO Listener] Arguments parsed
[2024-03-24 02:35:37Z INFO Runner] ExecuteCommand
[2024-03-24 02:35:37Z INFO ConfigurationStore] currentAssemblyLocation: /Users/tjohnson/projects/pipelines/actions-runner2/bin/Runner.Listener.dll
[2024-03-24 02:35:37Z INFO HostContext] Well known directory 'Bin': '/Users/tjohnson/projects/pipelines/actions-runner2/bin'
[2024-03-24 02:35:37Z INFO ConfigurationStore] binPath: /Users/tjohnson/projects/pipelines/actions-runner2/bin
[2024-03-24 02:35:37Z INFO HostContext] Well known directory 'Bin': '/Users/tjohnson/projects/pipelines/actions-runner2/bin'
[2024-03-24 02:35:37Z INFO HostContext] Well known directory 'Root': '/Users/tjohnson/projects/pipelines/actions-runner2'
[2024-03-24 02:35:37Z INFO ConfigurationStore] RootFolder: /Users/tjohnson/projects/pipelines/actions-runner2
[2024-03-24 02:35:37Z INFO HostContext] Well known directory 'Bin': '/Users/tjohnson/projects/pipelines/actions-runner2/bin'
[2024-03-24 02:35:37Z INFO HostContext] Well known directory 'Root': '/Users/tjohnson/projects/pipelines/actions-runner2'
[2024-03-24 02:35:37Z INFO HostContext] Well known config file 'Runner': '/Users/tjohnson/projects/pipelines/actions-runner2/.runner'
[2024-03-24 02:35:37Z INFO ConfigurationStore] ConfigFilePath: /Users/tjohnson/projects/pipelines/actions-runner2/.runner
[2024-03-24 02:35:37Z INFO HostContext] Well known directory 'Bin': '/Users/tjohnson/projects/pipelines/actions-runner2/bin'
[2024-03-24 02:35:37Z INFO HostContext] Well known directory 'Root': '/Users/tjohnson/projects/pipelines/actions-runner2'
[2024-03-24 02:35:37Z INFO HostContext] Well known config file 'Credentials': '/Users/tjohnson/projects/pipelines/actions-runner2/.credentials'
[2024-03-24 02:35:37Z INFO ConfigurationStore] CredFilePath: /Users/tjohnson/projects/pipelines/actions-runner2/.credentials
[2024-03-24 02:35:37Z INFO HostContext] Well known directory 'Bin': '/Users/tjohnson/projects/pipelines/actions-runner2/bin'
[2024-03-24 02:35:37Z INFO HostContext] Well known directory 'Root': '/Users/tjohnson/projects/pipelines/actions-runner2'
[2024-03-24 02:35:37Z INFO HostContext] Well known config file 'MigratedCredentials': '/Users/tjohnson/projects/pipelines/actions-runner2/.credentials_migrated'
[2024-03-24 02:35:37Z INFO ConfigurationStore] MigratedCredFilePath: /Users/tjohnson/projects/pipelines/actions-runner2/.credentials_migrated
[2024-03-24 02:35:37Z INFO HostContext] Well known directory 'Bin': '/Users/tjohnson/projects/pipelines/actions-runner2/bin'
[2024-03-24 02:35:37Z INFO HostContext] Well known directory 'Root': '/Users/tjohnson/projects/pipelines/actions-runner2'
[2024-03-24 02:35:37Z INFO HostContext] Well known config file 'Service': '/Users/tjohnson/projects/pipelines/actions-runner2/.service'
[2024-03-24 02:35:37Z INFO ConfigurationStore] ServiceConfigFilePath: /Users/tjohnson/projects/pipelines/actions-runner2/.service
[2024-03-24 02:35:37Z INFO CommandSettings] Flag 'help': 'False'
[2024-03-24 02:35:37Z INFO CommandSettings] Flag 'version': 'False'
[2024-03-24 02:35:37Z INFO CommandSettings] Flag 'commit': 'False'
[2024-03-24 02:35:37Z INFO CommandSettings] Flag 'check': 'False'
[2024-03-24 02:35:37Z INFO CommandSettings] Command 'configure': 'False'
[2024-03-24 02:35:37Z INFO CommandSettings] Command 'remove': 'False'
[2024-03-24 02:35:37Z INFO CommandSettings] Command 'warmup': 'False'
[2024-03-24 02:35:37Z INFO ConfigurationManager] LoadSettings
[2024-03-24 02:35:37Z INFO ConfigurationStore] IsConfigured()
[2024-03-24 02:35:37Z INFO ConfigurationStore] IsConfigured: True
[2024-03-24 02:35:37Z INFO ConfigurationManager] Is configured: True
[2024-03-24 02:35:37Z INFO ConfigurationStore] Read setting file: 294 chars
[2024-03-24 02:35:37Z INFO ConfigurationManager] Settings Loaded
[2024-03-24 02:35:37Z INFO ConfigurationStore] IsServiceConfigured()
[2024-03-24 02:35:37Z INFO ConfigurationStore] IsServiceConfigured: False
[2024-03-24 02:35:37Z INFO CommandSettings] Command 'run': 'True'
[2024-03-24 02:35:37Z INFO ConfigurationStore] IsConfigured()
[2024-03-24 02:35:37Z INFO ConfigurationStore] IsConfigured: True
[2024-03-24 02:35:37Z INFO ConfigurationManager] Is configured: True
[2024-03-24 02:35:37Z INFO Runner] Could not parse the argument value '' for StartupType. Defaulting to Manual
[2024-03-24 02:35:37Z INFO Runner] Set runner startup type - Manual
[2024-03-24 02:35:37Z INFO CommandSettings] Flag 'once': 'False'
[2024-03-24 02:35:37Z INFO CommandSettings] Flag 'once': 'False'
[2024-03-24 02:35:37Z INFO Runner] RunAsync
[2024-03-24 02:35:37Z INFO ConfigurationManager] LoadSettings
[2024-03-24 02:35:37Z INFO ConfigurationStore] IsConfigured()
[2024-03-24 02:35:37Z INFO ConfigurationStore] IsConfigured: True
[2024-03-24 02:35:37Z INFO ConfigurationManager] Is configured: True
[2024-03-24 02:35:37Z INFO ConfigurationManager] Settings Loaded
[2024-03-24 02:35:37Z INFO MessageListener] {
  "AgentId": 3,
  "AgentName": "runner2",
  "PoolId": 1,
  "PoolName": "Default",
  "ServerUrl": "https://pipelinesghubeus7.actions.githubusercontent.com/qqkAGa6pb5xwvzeRIYp4XklGyFI1viKjbuYUokaME4AsHVh6S1/",
  "GitHubUrl": "https://github.com/tjohnson101/pipelines",
  "WorkFolder": "_work"
}
[2024-03-24 02:35:37Z INFO MessageListener] Loading Credentials
[2024-03-24 02:35:37Z INFO ConfigurationStore] HasCredentials()
[2024-03-24 02:35:37Z INFO ConfigurationStore] stored True
[2024-03-24 02:35:37Z INFO CredentialManager] GetCredentialProvider
[2024-03-24 02:35:37Z INFO CredentialManager] Creating type OAuth
[2024-03-24 02:35:37Z INFO CredentialManager] Creating credential type: OAuth
[2024-03-24 02:35:37Z INFO HostContext] Well known directory 'Bin': '/Users/tjohnson/projects/pipelines/actions-runner2/bin'
[2024-03-24 02:35:37Z INFO HostContext] Well known directory 'Root': '/Users/tjohnson/projects/pipelines/actions-runner2'
[2024-03-24 02:35:37Z INFO HostContext] Well known config file 'RSACredentials': '/Users/tjohnson/projects/pipelines/actions-runner2/.credentials_rsaparams'
[2024-03-24 02:35:37Z INFO RSAFileKeyManager] Loading RSA key parameters from file /Users/tjohnson/projects/pipelines/actions-runner2/.credentials_rsaparams
[2024-03-24 02:35:37Z INFO MessageListener] Attempt to create session.
[2024-03-24 02:35:37Z INFO MessageListener] Connecting to the Runner Server...
[2024-03-24 02:35:37Z INFO RunnerServer] EstablishVssConnection
[2024-03-24 02:35:37Z INFO RunnerServer] Establish connection with 100 seconds timeout.
[2024-03-24 02:35:37Z INFO GitHubActionsService] Starting operation Location.GetConnectionData
[2024-03-24 02:35:37Z INFO RunnerServer] EstablishVssConnection
[2024-03-24 02:35:37Z INFO RunnerServer] Establish connection with 60 seconds timeout.
[2024-03-24 02:35:37Z INFO GitHubActionsService] Starting operation Location.GetConnectionData
[2024-03-24 02:35:37Z INFO RunnerServer] EstablishVssConnection
[2024-03-24 02:35:37Z INFO RunnerServer] Establish connection with 60 seconds timeout.
[2024-03-24 02:35:37Z INFO GitHubActionsService] Starting operation Location.GetConnectionData
[2024-03-24 02:35:38Z INFO GitHubActionsService] Finished operation Location.GetConnectionData
[2024-03-24 02:35:38Z INFO GitHubActionsService] Finished operation Location.GetConnectionData
[2024-03-24 02:35:38Z INFO GitHubActionsService] Finished operation Location.GetConnectionData
[2024-03-24 02:35:38Z INFO MessageListener] VssConnection created
[2024-03-24 02:35:38Z INFO Terminal] WRITE LINE: 
[2024-03-24 02:35:38Z INFO Terminal] WRITE LINE: 
[2024-03-24 02:35:38Z INFO RSAFileKeyManager] Loading RSA key parameters from file /Users/tjohnson/projects/pipelines/actions-runner2/.credentials_rsaparams
[2024-03-24 02:35:38Z INFO RSAFileKeyManager] Loading RSA key parameters from file /Users/tjohnson/projects/pipelines/actions-runner2/.credentials_rsaparams
[2024-03-24 02:35:38Z INFO GitHubActionsService] AAD Correlation ID for this token request: Unknown
[2024-03-24 02:35:38Z INFO MessageListener] Session created.
[2024-03-24 02:35:38Z INFO Terminal] WRITE LINE: Current runner version: '2.314.1'
[2024-03-24 02:35:38Z INFO Terminal] WRITE LINE: 2024-03-24 02:35:38Z: Listening for Jobs
[2024-03-24 02:35:38Z INFO JobDispatcher] Set runner/worker IPC timeout to 30 seconds.
[2024-03-24 03:06:19Z WARN GitHubActionsService] GET request to https://pipelinesghubeus7.actions.githubusercontent.com/qqkAGa6pb5xwvzeRIYp4XklGyFI1viKjbuYUokaME4AsHVh6S1/_apis/distributedtask/pools/1/messages?sessionId=aac63c4d-29df-41d5-8295-b5a3bbcd3f73&status=Online&runnerVersion=2.314.1&os=macOS&architecture=ARM64&disableUpdate=false timed out after 60 seconds.
[2024-03-24 03:06:19Z ERR  MessageListener] Catch exception during get next message.
[2024-03-24 03:06:19Z ERR  MessageListener] System.TimeoutException: The HTTP request timed out after 00:01:00.
 ---> System.Threading.Tasks.TaskCanceledException: The operation was canceled.
 ---> System.IO.IOException: Unable to read data from the transport connection: Operation canceled.
 ---> System.Net.Sockets.SocketException (89): Operation canceled
   --- End of inner exception stack trace ---
   at System.Net.Sockets.Socket.AwaitableSocketAsyncEventArgs.ThrowException(SocketError error, CancellationToken cancellationToken)
   at System.Net.Sockets.Socket.AwaitableSocketAsyncEventArgs.System.Threading.Tasks.Sources.IValueTaskSource<System.Int32>.GetResult(Int16 token)
   at System.Net.Security.SslStream.EnsureFullTlsFrameAsync[TIOAdapter](TIOAdapter adapter)
   at System.Net.Security.SslStream.ReadAsyncInternal[TIOAdapter](TIOAdapter adapter, Memory`1 buffer)
   at System.Net.Http.HttpConnection.SendAsyncCore(HttpRequestMessage request, Boolean async, CancellationToken cancellationToken)
   --- End of inner exception stack trace ---
   at System.Net.Http.HttpConnection.SendAsyncCore(HttpRequestMessage request, Boolean async, CancellationToken cancellationToken)
   at System.Net.Http.AuthenticationHelper.SendWithNtAuthAsync(HttpRequestMessage request, Uri authUri, Boolean async, ICredentials credentials, Boolean isProxyAuth, HttpConnection connection, HttpConnectionPool connectionPool, CancellationToken cancellationToken)
   at System.Net.Http.HttpConnectionPool.SendWithVersionDetectionAndRetryAsync(HttpRequestMessage request, Boolean async, Boolean doRequestAuth, CancellationToken cancellationToken)
   at System.Net.Http.AuthenticationHelper.SendWithAuthAsync(HttpRequestMessage request, Uri authUri, Boolean async, ICredentials credentials, Boolean preAuthenticate, Boolean isProxyAuth, Boolean doRequestAuth, HttpConnectionPool pool, CancellationToken cancellationToken)
   at System.Net.Http.DecompressionHandler.SendAsync(HttpRequestMessage request, Boolean async, CancellationToken cancellationToken)
   at GitHub.Services.Common.VssHttpMessageHandler.SendAsync(HttpRequestMessage request, CancellationToken cancellationToken)
   --- End of inner exception stack trace ---
   at GitHub.Services.Common.VssHttpMessageHandler.SendAsync(HttpRequestMessage request, CancellationToken cancellationToken)
   at GitHub.Services.Common.VssHttpRetryMessageHandler.SendAsync(HttpRequestMessage request, CancellationToken cancellationToken)
   at System.Net.Http.HttpClient.<SendAsync>g__Core|83_0(HttpRequestMessage request, HttpCompletionOption completionOption, CancellationTokenSource cts, Boolean disposeCts, CancellationTokenSource pendingRequestsCts, CancellationToken originalCancellationToken)
   at GitHub.Services.WebApi.VssHttpClientBase.SendAsync(HttpRequestMessage message, HttpCompletionOption completionOption, Object userState, CancellationToken cancellationToken)
   at GitHub.Services.WebApi.VssHttpClientBase.SendAsync[T](HttpRequestMessage message, Object userState, CancellationToken cancellationToken)
   at GitHub.Services.WebApi.VssHttpClientBase.SendAsync[T](HttpMethod method, IEnumerable`1 additionalHeaders, Guid locationId, Object routeValues, ApiResourceVersion version, HttpContent content, IEnumerable`1 queryParameters, Object userState, CancellationToken cancellationToken)
   at GitHub.Runner.Listener.MessageListener.GetNextMessageAsync(CancellationToken token)
[2024-03-24 03:06:19Z ERR  MessageListener] #####################################################
[2024-03-24 03:06:19Z ERR  MessageListener] System.Threading.Tasks.TaskCanceledException: The operation was canceled.
 ---> System.IO.IOException: Unable to read data from the transport connection: Operation canceled.
 ---> System.Net.Sockets.SocketException (89): Operation canceled
   --- End of inner exception stack trace ---
   at System.Net.Sockets.Socket.AwaitableSocketAsyncEventArgs.ThrowException(SocketError error, CancellationToken cancellationToken)
   at System.Net.Sockets.Socket.AwaitableSocketAsyncEventArgs.System.Threading.Tasks.Sources.IValueTaskSource<System.Int32>.GetResult(Int16 token)
   at System.Net.Security.SslStream.EnsureFullTlsFrameAsync[TIOAdapter](TIOAdapter adapter)
   at System.Net.Security.SslStream.ReadAsyncInternal[TIOAdapter](TIOAdapter adapter, Memory`1 buffer)
   at System.Net.Http.HttpConnection.SendAsyncCore(HttpRequestMessage request, Boolean async, CancellationToken cancellationToken)
   --- End of inner exception stack trace ---
   at System.Net.Http.HttpConnection.SendAsyncCore(HttpRequestMessage request, Boolean async, CancellationToken cancellationToken)
   at System.Net.Http.AuthenticationHelper.SendWithNtAuthAsync(HttpRequestMessage request, Uri authUri, Boolean async, ICredentials credentials, Boolean isProxyAuth, HttpConnection connection, HttpConnectionPool connectionPool, CancellationToken cancellationToken)
   at System.Net.Http.HttpConnectionPool.SendWithVersionDetectionAndRetryAsync(HttpRequestMessage request, Boolean async, Boolean doRequestAuth, CancellationToken cancellationToken)
   at System.Net.Http.AuthenticationHelper.SendWithAuthAsync(HttpRequestMessage request, Uri authUri, Boolean async, ICredentials credentials, Boolean preAuthenticate, Boolean isProxyAuth, Boolean doRequestAuth, HttpConnectionPool pool, CancellationToken cancellationToken)
   at System.Net.Http.DecompressionHandler.SendAsync(HttpRequestMessage request, Boolean async, CancellationToken cancellationToken)
   at GitHub.Services.Common.VssHttpMessageHandler.SendAsync(HttpRequestMessage request, CancellationToken cancellationToken)
[2024-03-24 03:06:19Z ERR  MessageListener] #####################################################
[2024-03-24 03:06:19Z ERR  MessageListener] System.IO.IOException: Unable to read data from the transport connection: Operation canceled.
 ---> System.Net.Sockets.SocketException (89): Operation canceled
   --- End of inner exception stack trace ---
   at System.Net.Sockets.Socket.AwaitableSocketAsyncEventArgs.ThrowException(SocketError error, CancellationToken cancellationToken)
   at System.Net.Sockets.Socket.AwaitableSocketAsyncEventArgs.System.Threading.Tasks.Sources.IValueTaskSource<System.Int32>.GetResult(Int16 token)
   at System.Net.Security.SslStream.EnsureFullTlsFrameAsync[TIOAdapter](TIOAdapter adapter)
   at System.Net.Security.SslStream.ReadAsyncInternal[TIOAdapter](TIOAdapter adapter, Memory`1 buffer)
   at System.Net.Http.HttpConnection.SendAsyncCore(HttpRequestMessage request, Boolean async, CancellationToken cancellationToken)
[2024-03-24 03:06:19Z ERR  MessageListener] #####################################################
[2024-03-24 03:06:19Z ERR  MessageListener] System.Net.Sockets.SocketException (89): Operation canceled
[2024-03-24 03:06:19Z INFO MessageListener] Retriable exception: The HTTP request timed out after 00:01:00.
[2024-03-24 03:06:19Z ERR  Terminal] WRITE ERROR: 2024-03-24 03:06:19Z: Runner connect error: The HTTP request timed out after 00:01:00.. Retrying until reconnected.
[2024-03-24 03:06:19Z INFO RunnerServer] Refresh MessageQueue VssConnection to get on a different AFD node.
[2024-03-24 03:06:19Z INFO RunnerServer] EstablishVssConnection
[2024-03-24 03:06:19Z INFO RunnerServer] Establish connection with 60 seconds timeout.
[2024-03-24 03:06:19Z INFO GitHubActionsService] Starting operation Location.GetConnectionData
[2024-03-24 03:06:20Z INFO GitHubActionsService] Finished operation Location.GetConnectionData
[2024-03-24 03:06:20Z INFO MessageListener] Sleeping for 25.893 seconds before retrying.
