[2024-03-24 02:34:25Z INFO HostContext] No proxy settings were found based on environmental variables (http_proxy/https_proxy/HTTP_PROXY/HTTPS_PROXY)
[2024-03-24 02:34:25Z INFO HostContext] Well known directory 'Bin': '/Users/tjohnson/projects/pipelines/actions-runner2/bin'
[2024-03-24 02:34:25Z INFO HostContext] Well known directory 'Root': '/Users/tjohnson/projects/pipelines/actions-runner2'
[2024-03-24 02:34:25Z INFO HostContext] Well known config file 'Credentials': '/Users/tjohnson/projects/pipelines/actions-runner2/.credentials'
[2024-03-24 02:34:25Z INFO HostContext] Well known directory 'Bin': '/Users/tjohnson/projects/pipelines/actions-runner2/bin'
[2024-03-24 02:34:25Z INFO HostContext] Well known directory 'Root': '/Users/tjohnson/projects/pipelines/actions-runner2'
[2024-03-24 02:34:25Z INFO HostContext] Well known config file 'Runner': '/Users/tjohnson/projects/pipelines/actions-runner2/.runner'
[2024-03-24 02:34:25Z INFO Listener] Runner is built for OSX (Arm64) - osx-arm64.
[2024-03-24 02:34:25Z INFO Listener] RuntimeInformation: Darwin 23.4.0 Darwin Kernel Version 23.4.0: Wed Feb 21 21:45:49 PST 2024; root:xnu-10063.101.15~2/RELEASE_ARM64_T6020.
[2024-03-24 02:34:25Z INFO Listener] Version: 2.314.1
[2024-03-24 02:34:25Z INFO Listener] Commit: 976290d966e6cc3e748a49bf8fdbe139ff764201
[2024-03-24 02:34:25Z INFO Listener] Culture: en-US
[2024-03-24 02:34:25Z INFO Listener] UI Culture: en-US
[2024-03-24 02:34:25Z INFO HostContext] Well known directory 'Bin': '/Users/tjohnson/projects/pipelines/actions-runner2/bin'
[2024-03-24 02:34:25Z INFO HostContext] Well known directory 'Root': '/Users/tjohnson/projects/pipelines/actions-runner2'
[2024-03-24 02:34:25Z INFO Listener] Validating directory permissions for: '/Users/tjohnson/projects/pipelines/actions-runner2'
[2024-03-24 02:34:25Z INFO CommandLineParser] Parse
[2024-03-24 02:34:25Z INFO CommandLineParser] Parsing 5 args
[2024-03-24 02:34:25Z INFO CommandLineParser] parsing argument
[2024-03-24 02:34:25Z INFO CommandLineParser] HasArgs: False
[2024-03-24 02:34:25Z INFO CommandLineParser] Adding Command: configure
[2024-03-24 02:34:25Z INFO CommandLineParser] parsing argument
[2024-03-24 02:34:25Z INFO CommandLineParser] HasArgs: True
[2024-03-24 02:34:25Z INFO CommandLineParser] arg: url
[2024-03-24 02:34:25Z INFO CommandLineParser] parsing argument
[2024-03-24 02:34:25Z INFO CommandLineParser] HasArgs: True
[2024-03-24 02:34:25Z INFO CommandLineParser] Adding option 'url': 'https://github.com/tjohnson101/pipelines'
[2024-03-24 02:34:25Z INFO CommandLineParser] parsing argument
[2024-03-24 02:34:25Z INFO CommandLineParser] HasArgs: True
[2024-03-24 02:34:25Z INFO CommandLineParser] arg: token
[2024-03-24 02:34:25Z INFO CommandLineParser] parsing argument
[2024-03-24 02:34:25Z INFO CommandLineParser] HasArgs: True
[2024-03-24 02:34:25Z INFO CommandLineParser] Adding option 'token': '***'
[2024-03-24 02:34:25Z INFO Listener] Arguments parsed
[2024-03-24 02:34:26Z INFO Runner] ExecuteCommand
[2024-03-24 02:34:26Z INFO ConfigurationStore] currentAssemblyLocation: /Users/tjohnson/projects/pipelines/actions-runner2/bin/Runner.Listener.dll
[2024-03-24 02:34:26Z INFO HostContext] Well known directory 'Bin': '/Users/tjohnson/projects/pipelines/actions-runner2/bin'
[2024-03-24 02:34:26Z INFO ConfigurationStore] binPath: /Users/tjohnson/projects/pipelines/actions-runner2/bin
[2024-03-24 02:34:26Z INFO HostContext] Well known directory 'Bin': '/Users/tjohnson/projects/pipelines/actions-runner2/bin'
[2024-03-24 02:34:26Z INFO HostContext] Well known directory 'Root': '/Users/tjohnson/projects/pipelines/actions-runner2'
[2024-03-24 02:34:26Z INFO ConfigurationStore] RootFolder: /Users/tjohnson/projects/pipelines/actions-runner2
[2024-03-24 02:34:26Z INFO HostContext] Well known directory 'Bin': '/Users/tjohnson/projects/pipelines/actions-runner2/bin'
[2024-03-24 02:34:26Z INFO HostContext] Well known directory 'Root': '/Users/tjohnson/projects/pipelines/actions-runner2'
[2024-03-24 02:34:26Z INFO HostContext] Well known config file 'Runner': '/Users/tjohnson/projects/pipelines/actions-runner2/.runner'
[2024-03-24 02:34:26Z INFO ConfigurationStore] ConfigFilePath: /Users/tjohnson/projects/pipelines/actions-runner2/.runner
[2024-03-24 02:34:26Z INFO HostContext] Well known directory 'Bin': '/Users/tjohnson/projects/pipelines/actions-runner2/bin'
[2024-03-24 02:34:26Z INFO HostContext] Well known directory 'Root': '/Users/tjohnson/projects/pipelines/actions-runner2'
[2024-03-24 02:34:26Z INFO HostContext] Well known config file 'Credentials': '/Users/tjohnson/projects/pipelines/actions-runner2/.credentials'
[2024-03-24 02:34:26Z INFO ConfigurationStore] CredFilePath: /Users/tjohnson/projects/pipelines/actions-runner2/.credentials
[2024-03-24 02:34:26Z INFO HostContext] Well known directory 'Bin': '/Users/tjohnson/projects/pipelines/actions-runner2/bin'
[2024-03-24 02:34:26Z INFO HostContext] Well known directory 'Root': '/Users/tjohnson/projects/pipelines/actions-runner2'
[2024-03-24 02:34:26Z INFO HostContext] Well known config file 'MigratedCredentials': '/Users/tjohnson/projects/pipelines/actions-runner2/.credentials_migrated'
[2024-03-24 02:34:26Z INFO ConfigurationStore] MigratedCredFilePath: /Users/tjohnson/projects/pipelines/actions-runner2/.credentials_migrated
[2024-03-24 02:34:26Z INFO HostContext] Well known directory 'Bin': '/Users/tjohnson/projects/pipelines/actions-runner2/bin'
[2024-03-24 02:34:26Z INFO HostContext] Well known directory 'Root': '/Users/tjohnson/projects/pipelines/actions-runner2'
[2024-03-24 02:34:26Z INFO HostContext] Well known config file 'Service': '/Users/tjohnson/projects/pipelines/actions-runner2/.service'
[2024-03-24 02:34:26Z INFO ConfigurationStore] ServiceConfigFilePath: /Users/tjohnson/projects/pipelines/actions-runner2/.service
[2024-03-24 02:34:26Z INFO CommandSettings] Flag 'help': 'False'
[2024-03-24 02:34:26Z INFO CommandSettings] Flag 'version': 'False'
[2024-03-24 02:34:26Z INFO CommandSettings] Flag 'commit': 'False'
[2024-03-24 02:34:26Z INFO CommandSettings] Flag 'check': 'False'
[2024-03-24 02:34:26Z INFO CommandSettings] Command 'configure': 'True'
[2024-03-24 02:34:26Z INFO Terminal] WRITE LINE: 
[2024-03-24 02:34:26Z INFO Terminal] WRITE LINE: --------------------------------------------------------------------------------
[2024-03-24 02:34:26Z INFO Terminal] WRITE LINE: |        ____ _ _   _   _       _          _        _   _                      |
[2024-03-24 02:34:26Z INFO Terminal] WRITE LINE: |       / ___(_) |_| | | |_   _| |__      / \   ___| |_(_) ___  _ __  ___      |
[2024-03-24 02:34:26Z INFO Terminal] WRITE LINE: |      | |  _| | __| |_| | | | | '_ \    / _ \ / __| __| |/ _ \| '_ \/ __|     |
[2024-03-24 02:34:26Z INFO Terminal] WRITE LINE: |      | |_| | | |_|  _  | |_| | |_) |  / ___ \ (__| |_| | (_) | | | \__ \     |
[2024-03-24 02:34:26Z INFO Terminal] WRITE LINE: |       \____|_|\__|_| |_|\__,_|_.__/  /_/   \_\___|\__|_|\___/|_| |_|___/     |
[2024-03-24 02:34:26Z INFO Terminal] WRITE LINE: |                                                                              |
[2024-03-24 02:34:26Z INFO Terminal] WRITE: |                       
[2024-03-24 02:34:26Z INFO Terminal] WRITE: Self-hosted runner registration
[2024-03-24 02:34:26Z INFO Terminal] WRITE LINE:                         |
[2024-03-24 02:34:26Z INFO Terminal] WRITE LINE: |                                                                              |
[2024-03-24 02:34:26Z INFO Terminal] WRITE LINE: --------------------------------------------------------------------------------
[2024-03-24 02:34:26Z INFO ConfigurationManager] ConfigureAsync
[2024-03-24 02:34:26Z INFO CommandSettings] Flag 'generateServiceConfig': 'False'
[2024-03-24 02:34:26Z INFO ConfigurationStore] IsConfigured()
[2024-03-24 02:34:26Z INFO ConfigurationStore] IsConfigured: False
[2024-03-24 02:34:26Z INFO ConfigurationManager] Is configured: False
[2024-03-24 02:34:26Z INFO CommandSettings] Arg 'url': 'https://github.com/tjohnson101/pipelines'
[2024-03-24 02:34:26Z INFO CommandSettings] Remove url from Arg dictionary.
[2024-03-24 02:34:26Z INFO CommandSettings] Arg 'token': '***'
[2024-03-24 02:34:26Z INFO CommandSettings] Remove token from Arg dictionary.
[2024-03-24 02:34:29Z INFO ConfigurationManager] Http response code: OK from 'POST https://api.github.com/actions/runner-registration' (CD2C:30FFAC:11A6E35:1EAB71C:65FF9134)
[2024-03-24 02:34:29Z INFO ConfigurationManager] Using V2 flow: False
[2024-03-24 02:34:29Z INFO ConfigurationManager] cred retrieved via GitHub auth
[2024-03-24 02:34:29Z INFO RunnerServer] EstablishVssConnection
[2024-03-24 02:34:29Z INFO RunnerServer] Establish connection with 100 seconds timeout.
[2024-03-24 02:34:30Z INFO GitHubActionsService] Starting operation Location.GetConnectionData
[2024-03-24 02:34:30Z INFO RunnerServer] EstablishVssConnection
[2024-03-24 02:34:30Z INFO RunnerServer] Establish connection with 60 seconds timeout.
[2024-03-24 02:34:30Z INFO GitHubActionsService] Starting operation Location.GetConnectionData
[2024-03-24 02:34:30Z INFO RunnerServer] EstablishVssConnection
[2024-03-24 02:34:30Z INFO RunnerServer] Establish connection with 60 seconds timeout.
[2024-03-24 02:34:30Z INFO GitHubActionsService] Starting operation Location.GetConnectionData
[2024-03-24 02:34:30Z INFO GitHubActionsService] Finished operation Location.GetConnectionData
[2024-03-24 02:34:30Z INFO GitHubActionsService] Finished operation Location.GetConnectionData
[2024-03-24 02:34:30Z INFO GitHubActionsService] Finished operation Location.GetConnectionData
[2024-03-24 02:34:30Z INFO Terminal] WRITE LINE: 
[2024-03-24 02:34:30Z INFO ConfigurationManager] Test Connection complete.
[2024-03-24 02:34:30Z INFO HostContext] Well known directory 'Bin': '/Users/tjohnson/projects/pipelines/actions-runner2/bin'
[2024-03-24 02:34:30Z INFO HostContext] Well known directory 'Root': '/Users/tjohnson/projects/pipelines/actions-runner2'
[2024-03-24 02:34:30Z INFO HostContext] Well known config file 'RSACredentials': '/Users/tjohnson/projects/pipelines/actions-runner2/.credentials_rsaparams'
[2024-03-24 02:34:30Z INFO RSAFileKeyManager] Creating new RSA key using 2048-bit key length
[2024-03-24 02:34:31Z INFO RSAFileKeyManager] Successfully saved RSA key parameters to file /Users/tjohnson/projects/pipelines/actions-runner2/.credentials_rsaparams
[2024-03-24 02:34:31Z INFO RSAFileKeyManager] Which: 'chmod'
[2024-03-24 02:34:31Z INFO RSAFileKeyManager] Location: '/bin/chmod'
[2024-03-24 02:34:31Z INFO HostContext] Well known directory 'Bin': '/Users/tjohnson/projects/pipelines/actions-runner2/bin'
[2024-03-24 02:34:31Z INFO HostContext] Well known directory 'Root': '/Users/tjohnson/projects/pipelines/actions-runner2'
[2024-03-24 02:34:31Z INFO ProcessInvokerWrapper] Starting process:
[2024-03-24 02:34:31Z INFO ProcessInvokerWrapper]   File name: '/bin/chmod'
[2024-03-24 02:34:31Z INFO ProcessInvokerWrapper]   Arguments: '600 /Users/tjohnson/projects/pipelines/actions-runner2/.credentials_rsaparams'
[2024-03-24 02:34:31Z INFO ProcessInvokerWrapper]   Working directory: '/Users/tjohnson/projects/pipelines/actions-runner2'
[2024-03-24 02:34:31Z INFO ProcessInvokerWrapper]   Require exit code zero: 'False'
[2024-03-24 02:34:31Z INFO ProcessInvokerWrapper]   Encoding web name:  ; code page: ''
[2024-03-24 02:34:31Z INFO ProcessInvokerWrapper]   Force kill process on cancellation: 'False'
[2024-03-24 02:34:31Z INFO ProcessInvokerWrapper]   Redirected STDIN: 'False'
[2024-03-24 02:34:31Z INFO ProcessInvokerWrapper]   Persist current code page: 'False'
[2024-03-24 02:34:31Z INFO ProcessInvokerWrapper]   Keep redirected STDIN open: 'False'
[2024-03-24 02:34:31Z INFO ProcessInvokerWrapper]   High priority process: 'False'
[2024-03-24 02:34:31Z INFO ProcessInvokerWrapper] Process started with process id 37204, waiting for process exit.
[2024-03-24 02:34:31Z INFO ProcessInvokerWrapper] STDOUT/STDERR stream read finished.
[2024-03-24 02:34:31Z INFO ProcessInvokerWrapper] STDOUT/STDERR stream read finished.
[2024-03-24 02:34:31Z INFO ProcessInvokerWrapper] Finished process 37204 with exit code 0, and elapsed time 00:00:00.0730142.
[2024-03-24 02:34:31Z INFO RSAFileKeyManager] Successfully set permissions for RSA key parameters file /Users/tjohnson/projects/pipelines/actions-runner2/.credentials_rsaparams
[2024-03-24 02:34:31Z INFO CommandSettings] Arg 'runnergroup': ''
[2024-03-24 02:34:31Z INFO CommandSettings] Flag 'unattended': 'False'
[2024-03-24 02:34:31Z INFO PromptManager] ReadValue
[2024-03-24 02:34:31Z INFO Terminal] WRITE: Enter the name of the runner group to add this runner to: 
[2024-03-24 02:34:31Z INFO Terminal] WRITE: [press Enter for Default] 
[2024-03-24 02:34:31Z INFO Terminal] READ LINE
[2024-03-24 02:34:37Z INFO Terminal] Read value: 'runner2'
[2024-03-24 02:34:37Z INFO Terminal] WRITE LINE: 
[2024-03-24 02:34:37Z ERR  Runner] GitHub.DistributedTask.WebApi.TaskAgentPoolNotFoundException: Could not find any self-hosted runner group named "runner2".
   at GitHub.Runner.Listener.Configuration.ConfigurationManager.ConfigureAsync(CommandSettings command)
   at GitHub.Runner.Listener.Runner.ExecuteCommand(CommandSettings command)
[2024-03-24 02:34:37Z ERR  Terminal] WRITE ERROR: Could not find any self-hosted runner group named "runner2".
[2024-03-24 02:34:37Z INFO Listener] Runner execution has finished with return code 1
